2024-02-24 02:00:45,443 [INFO] Activator:176 - 


2024-02-24 02:00:45,445 [INFO] Activator:177 - !SESSION log4j initialized
2024-02-24 02:00:46,962 [ERROR] LogOutputStream:75 - [STDERR_REDIRECT] 
2024-02-24 02:00:47,923 [INFO] LogOutputStream:77 - [STDOUT_REDIRECT] 
2024-02-24 02:00:49,230 [INFO] LogOutputStream:77 - [STDOUT_REDIRECT] 
2024-02-24 02:00:51,183 [INFO] ApplicationProperties:184 - Using Application install path: /Applications/STMicroelectronics/STM32CubeIDE.app/Contents/Eclipse/plugins/com.st.stm32cube.common.mx_6.10.0.202311202037
2024-02-24 02:00:51,203 [INFO] DbMcusXml:78 - Set database path to: /Applications/STMicroelectronics/STM32CubeIDE.app/Contents/Eclipse/plugins/com.st.stm32cube.common.mx_6.10.0.202311202037//db//mcu/
2024-02-24 02:00:51,203 [INFO] ApiDb:274 - Set plugin database path to: /Applications/STMicroelectronics/STM32CubeIDE.app/Contents/Eclipse/plugins/com.st.stm32cube.common.mx_6.10.0.202311202037//db//plugins/boardmanager/
2024-02-24 02:00:51,204 [WARN] ApiDb:259 - Overriding images path with different value:  => /Applications/STMicroelectronics/STM32CubeIDE.app/Contents/Eclipse/plugins/com.st.stm32cube.common.mx_6.10.0.202311202037//db//plugins/mcufinder/images/
2024-02-24 02:00:51,213 [INFO] ApiDb:250 - Set database path to: /Users/andrewcheng/.stmcufinder/plugins/mcufinder//mcu/
2024-02-24 02:00:51,214 [INFO] DbMcusAds:125 - Set database path to: /Users/andrewcheng/.stmcufinder/plugins/mcufinder//mcu/
2024-02-24 02:00:51,216 [INFO] CrossReferenceDbSqlite:203 - Set database path to: /Users/andrewcheng/.stmcufinder/plugins/mcufinder//mcu/cs/
2024-02-24 02:00:51,398 [INFO] RulesReader:64 - Compatibility file has been processed (297 Rules)
2024-02-24 02:00:51,469 [INFO] DbMcusXml:78 - Set database path to: /Applications/STMicroelectronics/STM32CubeIDE.app/Contents/Eclipse/plugins/com.st.stm32cube.common.mx_6.10.0.202311202037//db//mcu/
2024-02-24 02:00:51,469 [INFO] ApiDb:274 - Set plugin database path to: /Applications/STMicroelectronics/STM32CubeIDE.app/Contents/Eclipse/plugins/com.st.stm32cube.common.mx_6.10.0.202311202037//db//plugins/boardmanager/
2024-02-24 02:00:51,470 [INFO] ApiDb:261 - Set plugin images path to: /Applications/STMicroelectronics/STM32CubeIDE.app/Contents/Eclipse/plugins/com.st.stm32cube.common.mx_6.10.0.202311202037//db//plugins/mcufinder/images/
2024-02-24 02:00:51,471 [WARN] DbFile:41 - Overriding database path with different value: /Users/andrewcheng/.stmcufinder/plugins/mcufinder/ => /Users/andrewcheng/.stmcufinder/plugins/mcufinder
2024-02-24 02:00:51,471 [INFO] ApiDb:250 - Set database path to: /Users/andrewcheng/.stmcufinder/plugins/mcufinder//mcu/
2024-02-24 02:00:51,471 [WARN] DbFile:41 - Overriding database path with different value: /Users/andrewcheng/.stmcufinder/plugins/mcufinder/ => /Users/andrewcheng/.stmcufinder/plugins/mcufinder
2024-02-24 02:00:51,471 [INFO] DbMcusAds:125 - Set database path to: /Users/andrewcheng/.stmcufinder/plugins/mcufinder//mcu/
2024-02-24 02:00:51,472 [WARN] DbFile:41 - Overriding database path with different value: /Users/andrewcheng/.stmcufinder/plugins/mcufinder/ => /Users/andrewcheng/.stmcufinder/plugins/mcufinder
2024-02-24 02:00:51,472 [WARN] DbFile:41 - Overriding database path with different value: /Users/andrewcheng/.stmcufinder/plugins/mcufinder/ => /Users/andrewcheng/.stmcufinder/plugins/mcufinder
2024-02-24 02:00:51,472 [INFO] CrossReferenceDbSqlite:203 - Set database path to: /Users/andrewcheng/.stmcufinder/plugins/mcufinder//mcu/cs/
2024-02-24 02:00:51,532 [INFO] MainPanel:264 - HeapMemory: 269484032
2024-02-24 02:00:51,595 [INFO] DbMcusXml:78 - Set database path to: /Applications/STMicroelectronics/STM32CubeIDE.app/Contents/Eclipse/plugins/com.st.stm32cube.common.mx_6.10.0.202311202037//db//mcu/
2024-02-24 02:00:51,595 [INFO] ApiDb:274 - Set plugin database path to: /Applications/STMicroelectronics/STM32CubeIDE.app/Contents/Eclipse/plugins/com.st.stm32cube.common.mx_6.10.0.202311202037//db//plugins/boardmanager/
2024-02-24 02:00:51,596 [INFO] ApiDb:261 - Set plugin images path to: /Applications/STMicroelectronics/STM32CubeIDE.app/Contents/Eclipse/plugins/com.st.stm32cube.common.mx_6.10.0.202311202037//db//plugins/mcufinder/images/
2024-02-24 02:00:51,596 [WARN] DbFile:41 - Overriding database path with different value: /Users/andrewcheng/.stmcufinder/plugins/mcufinder/ => /Users/andrewcheng/.stmcufinder/plugins/mcufinder
2024-02-24 02:00:51,596 [INFO] ApiDb:250 - Set database path to: /Users/andrewcheng/.stmcufinder/plugins/mcufinder//mcu/
2024-02-24 02:00:51,596 [WARN] DbFile:41 - Overriding database path with different value: /Users/andrewcheng/.stmcufinder/plugins/mcufinder/ => /Users/andrewcheng/.stmcufinder/plugins/mcufinder
2024-02-24 02:00:51,596 [INFO] DbMcusAds:125 - Set database path to: /Users/andrewcheng/.stmcufinder/plugins/mcufinder//mcu/
2024-02-24 02:00:51,596 [WARN] DbFile:41 - Overriding database path with different value: /Users/andrewcheng/.stmcufinder/plugins/mcufinder/ => /Users/andrewcheng/.stmcufinder/plugins/mcufinder
2024-02-24 02:00:51,596 [WARN] DbFile:41 - Overriding database path with different value: /Users/andrewcheng/.stmcufinder/plugins/mcufinder/ => /Users/andrewcheng/.stmcufinder/plugins/mcufinder
2024-02-24 02:00:51,596 [INFO] CrossReferenceDbSqlite:203 - Set database path to: /Users/andrewcheng/.stmcufinder/plugins/mcufinder//mcu/cs/
2024-02-24 02:00:51,612 [INFO] ApplicationProperties:184 - Using Application install path: /Applications/STMicroelectronics/STM32CubeIDE.app/Contents/Eclipse/plugins/com.st.stm32cube.common.mx_6.10.0.202311202037
2024-02-24 02:00:51,612 [INFO] PluginManage:196 - Search for loadable plugins [exclusion list=, ]
2024-02-24 02:00:51,614 [INFO] PluginManage:310 - Check plugin analytics
2024-02-24 02:00:51,785 [INFO] AnalyticsPlugin:253 - Accepted Software Licenses: STM32CubeMX.6.10.0
2024-02-24 02:00:51,785 [INFO] AnalyticsPlugin:255 - Accepted CMSIS Pack Licenses: 
2024-02-24 02:00:51,785 [INFO] AnalyticsPlugin:257 - Accepted Firmware Licenses: FW.F4.1.28.0,FW.F4.1.27.0
2024-02-24 02:00:51,792 [INFO] PluginManage:359 - Loaded plugin analytics (category:tool,tabindex:-1)
2024-02-24 02:00:51,794 [INFO] PluginManage:310 - Check plugin cadmodel
2024-02-24 02:00:52,096 [INFO] CADModel:105 - Init CAD model plugin
2024-02-24 02:00:52,097 [INFO] PluginManage:359 - Loaded plugin cadmodel (category:power,tabindex:5)
2024-02-24 02:00:52,097 [INFO] PluginManage:310 - Check plugin clock
2024-02-24 02:00:52,111 [INFO] PluginManage:359 - Loaded plugin clock (category:base,tabindex:2)
2024-02-24 02:00:52,111 [INFO] PluginManage:310 - Check plugin ddr
2024-02-24 02:00:52,112 [INFO] PluginManage:359 - Loaded plugin ddr (category:tool,tabindex:6)
2024-02-24 02:00:52,112 [INFO] PluginManage:310 - Check plugin filemanager
2024-02-24 02:00:52,239 [INFO] PluginManage:359 - Loaded plugin filemanager (category:base,tabindex:10)
2024-02-24 02:00:52,239 [INFO] PluginManage:310 - Check plugin ipmanager
2024-02-24 02:00:52,243 [INFO] PluginManage:359 - Loaded plugin ipmanager (category:base,tabindex:5)
2024-02-24 02:00:52,243 [INFO] PluginManage:310 - Check plugin lpbam
2024-02-24 02:00:52,252 [INFO] PluginManage:359 - Loaded plugin lpbam (category:base,tabindex:0)
2024-02-24 02:00:52,252 [INFO] PluginManage:310 - Check plugin memorymap
2024-02-24 02:00:52,259 [INFO] PluginManage:359 - Loaded plugin memorymap (category:base,tabindex:4)
2024-02-24 02:00:52,259 [INFO] PluginManage:310 - Check plugin pinoutandconfiguration
2024-02-24 02:00:52,264 [INFO] PluginManage:359 - Loaded plugin pinoutandconfiguration (category:base,tabindex:1)
2024-02-24 02:00:52,264 [INFO] PluginManage:310 - Check plugin pinoutconfig
2024-02-24 02:00:52,349 [WARN] SupportedApi:132 - Cannot load RTOS API schema: s4s-elt-must-match.1: The content of 'definitions' must match (annotation?, (simpleType | complexType)?, (unique | key | keyref)*)). A problem was found starting at: attribute.
2024-02-24 02:00:52,447 [INFO] PluginManage:359 - Loaded plugin pinoutconfig (category:base,tabindex:0)
2024-02-24 02:00:52,448 [INFO] PluginManage:310 - Check plugin power
2024-02-24 02:00:52,456 [INFO] PluginManage:359 - Loaded plugin power (category:power,tabindex:4)
2024-02-24 02:00:52,456 [INFO] PluginManage:310 - Check plugin projectmanager
2024-02-24 02:00:52,482 [INFO] PluginManage:359 - Loaded plugin projectmanager (category:projectmanager,tabindex:3)
2024-02-24 02:00:52,482 [INFO] PluginManage:310 - Check plugin thirdparty
2024-02-24 02:00:52,759 [INFO] PluginManage:359 - Loaded plugin thirdparty (category:base,tabindex:-1)
2024-02-24 02:00:52,759 [WARN] IntegrityCheckThread:84 - waiting for thirdparty lock release [integrity check]
2024-02-24 02:00:52,761 [INFO] PluginManage:310 - Check plugin tools
2024-02-24 02:00:52,761 [INFO] IntegrityCheckThread:86 - entering critical section [integrity check]
2024-02-24 02:00:52,763 [INFO] ThirdPartyUpdaterWithRetryManager:70 - Updater plugin not ready yet. [1/15]
2024-02-24 02:00:52,766 [INFO] PluginManage:359 - Loaded plugin tools (category:base,tabindex:7)
2024-02-24 02:00:52,767 [INFO] PluginManage:310 - Check plugin tutovideos
2024-02-24 02:00:52,952 [INFO] PluginManage:359 - Loaded plugin tutovideos (category:base,tabindex:-1)
2024-02-24 02:00:52,953 [INFO] PluginManage:310 - Check plugin updater
2024-02-24 02:00:52,967 [INFO] PluginManage:359 - Loaded plugin updater (category:base,tabindex:12)
2024-02-24 02:00:52,967 [INFO] PluginManage:310 - Check plugin userauth
2024-02-24 02:00:52,973 [INFO] UserAuth:114 - Init User Auth plugin
2024-02-24 02:00:52,973 [INFO] PluginManage:359 - Loaded plugin userauth (category:base,tabindex:14)
2024-02-24 02:00:52,974 [INFO] PluginManage:283 - PluginManage : Loaded plugins [17]
2024-02-24 02:00:53,243 [INFO] PinOutPanel:1499 - setPackage(No Configuration,No Configuration)
2024-02-24 02:00:53,312 [INFO] CADModel:165 - CPN selected for project level
2024-02-24 02:00:53,312 [INFO] CADModel:114 - Register for checkConnection events
2024-02-24 02:00:53,321 [INFO] IPUIPlugin:80 - create IPUIPlugin
2024-02-24 02:00:53,322 [INFO] PluginManager:220 - loadIPPluginJar : add mdma
2024-02-24 02:00:53,326 [INFO] IPUIPlugin:80 - create IPUIPlugin
2024-02-24 02:00:53,326 [INFO] PluginManager:220 - loadIPPluginJar : add freertos
2024-02-24 02:00:53,328 [INFO] IPUIPlugin:80 - create IPUIPlugin
2024-02-24 02:00:53,328 [INFO] PluginManager:220 - loadIPPluginJar : add gic
2024-02-24 02:00:53,332 [INFO] IPUIPlugin:80 - create IPUIPlugin
2024-02-24 02:00:53,332 [INFO] PluginManager:220 - loadIPPluginJar : add adc
2024-02-24 02:00:53,334 [INFO] IPUIPlugin:80 - create IPUIPlugin
2024-02-24 02:00:53,334 [INFO] PluginManager:220 - loadIPPluginJar : add gtzc
2024-02-24 02:00:53,335 [INFO] IPUIPlugin:80 - create IPUIPlugin
2024-02-24 02:00:53,335 [INFO] PluginManager:220 - loadIPPluginJar : add quadspi
2024-02-24 02:00:53,336 [INFO] IPUIPlugin:80 - create IPUIPlugin
2024-02-24 02:00:53,336 [INFO] PluginManager:220 - loadIPPluginJar : add aes
2024-02-24 02:00:53,337 [INFO] IPUIPlugin:80 - create IPUIPlugin
2024-02-24 02:00:53,337 [INFO] PluginManager:220 - loadIPPluginJar : add pdm2pcm
2024-02-24 02:00:53,339 [INFO] IPUIPlugin:80 - create IPUIPlugin
2024-02-24 02:00:53,339 [INFO] PluginManager:220 - loadIPPluginJar : add hash
2024-02-24 02:00:53,342 [INFO] IPUIPlugin:80 - create IPUIPlugin
2024-02-24 02:00:53,343 [INFO] PluginManager:220 - loadIPPluginJar : add tim
2024-02-24 02:00:53,346 [INFO] IPUIPlugin:80 - create IPUIPlugin
2024-02-24 02:00:53,346 [INFO] PluginManager:220 - loadIPPluginJar : add tsc
2024-02-24 02:00:53,347 [INFO] IPUIPlugin:80 - create IPUIPlugin
2024-02-24 02:00:53,347 [INFO] PluginManager:220 - loadIPPluginJar : add ts
2024-02-24 02:00:53,348 [INFO] IPUIPlugin:80 - create IPUIPlugin
2024-02-24 02:00:53,348 [INFO] PluginManager:220 - loadIPPluginJar : add can
2024-02-24 02:00:53,350 [INFO] IPUIPlugin:80 - create IPUIPlugin
2024-02-24 02:00:53,350 [INFO] PluginManager:220 - loadIPPluginJar : add dma3
2024-02-24 02:00:53,352 [INFO] IPUIPlugin:80 - create IPUIPlugin
2024-02-24 02:00:53,352 [INFO] PluginManager:220 - loadIPPluginJar : add dfsdm
2024-02-24 02:00:53,353 [INFO] IPUIPlugin:80 - create IPUIPlugin
2024-02-24 02:00:53,353 [INFO] PluginManager:220 - loadIPPluginJar : add spi
2024-02-24 02:00:53,354 [INFO] IPUIPlugin:80 - create IPUIPlugin
2024-02-24 02:00:53,354 [INFO] PluginManager:220 - loadIPPluginJar : add gfxmmu
2024-02-24 02:00:53,354 [INFO] IPUIPlugin:80 - create IPUIPlugin
2024-02-24 02:00:53,354 [INFO] PluginManager:220 - loadIPPluginJar : add genericplugin
2024-02-24 02:00:53,355 [INFO] IPUIPlugin:80 - create IPUIPlugin
2024-02-24 02:00:53,355 [INFO] PluginManager:220 - loadIPPluginJar : add cryp
2024-02-24 02:00:53,357 [INFO] IPUIPlugin:80 - create IPUIPlugin
2024-02-24 02:00:53,357 [INFO] PluginManager:220 - loadIPPluginJar : add gpio
2024-02-24 02:00:53,358 [INFO] IPUIPlugin:80 - create IPUIPlugin
2024-02-24 02:00:53,358 [INFO] PluginManager:220 - loadIPPluginJar : add comp
2024-02-24 02:00:53,360 [INFO] IPUIPlugin:80 - create IPUIPlugin
2024-02-24 02:00:53,360 [INFO] PluginManager:220 - loadIPPluginJar : add tracer_emb
2024-02-24 02:00:53,361 [INFO] IPUIPlugin:80 - create IPUIPlugin
2024-02-24 02:00:53,362 [INFO] PluginManager:220 - loadIPPluginJar : add openamp
2024-02-24 02:00:53,365 [INFO] IPUIPlugin:80 - create IPUIPlugin
2024-02-24 02:00:53,365 [INFO] PluginManager:220 - loadIPPluginJar : add stm32_wpan
2024-02-24 02:00:53,368 [INFO] IPUIPlugin:80 - create IPUIPlugin
2024-02-24 02:00:53,370 [INFO] PluginManager:220 - loadIPPluginJar : add plateformsettings
2024-02-24 02:00:53,372 [INFO] IPUIPlugin:80 - create IPUIPlugin
2024-02-24 02:00:53,372 [INFO] PluginManager:220 - loadIPPluginJar : add ipddr
2024-02-24 02:00:53,373 [INFO] IPUIPlugin:80 - create IPUIPlugin
2024-02-24 02:00:53,374 [INFO] PluginManager:220 - loadIPPluginJar : add usart
2024-02-24 02:00:53,375 [INFO] IPUIPlugin:80 - create IPUIPlugin
2024-02-24 02:00:53,375 [INFO] PluginManager:220 - loadIPPluginJar : add ltdc
2024-02-24 02:00:53,376 [INFO] IPUIPlugin:80 - create IPUIPlugin
2024-02-24 02:00:53,376 [INFO] PluginManager:220 - loadIPPluginJar : add nvic
2024-02-24 02:00:53,377 [INFO] IPUIPlugin:80 - create IPUIPlugin
2024-02-24 02:00:53,377 [INFO] PluginManager:220 - loadIPPluginJar : add fatfs
2024-02-24 02:00:53,380 [INFO] IPUIPlugin:80 - create IPUIPlugin
2024-02-24 02:00:53,380 [INFO] PluginManager:220 - loadIPPluginJar : add linkedlist
2024-02-24 02:00:53,386 [INFO] IPUIPlugin:80 - create IPUIPlugin
2024-02-24 02:00:53,386 [INFO] PluginManager:220 - loadIPPluginJar : add dma
2024-02-24 02:00:53,388 [INFO] IPUIPlugin:80 - create IPUIPlugin
2024-02-24 02:00:53,389 [INFO] PluginManager:220 - loadIPPluginJar : add fmc
2024-02-24 02:00:53,390 [INFO] IPUIPlugin:80 - create IPUIPlugin
2024-02-24 02:00:53,390 [INFO] PluginManager:220 - loadIPPluginJar : add i2s
2024-02-24 02:00:53,391 [INFO] IPUIPlugin:80 - create IPUIPlugin
2024-02-24 02:00:53,391 [INFO] PluginManager:220 - loadIPPluginJar : add ucpd
2024-02-24 02:00:53,393 [INFO] IPUIPlugin:80 - create IPUIPlugin
2024-02-24 02:00:53,393 [INFO] PluginManager:220 - loadIPPluginJar : add lorawan
2024-02-24 02:00:53,395 [INFO] IPUIPlugin:80 - create IPUIPlugin
2024-02-24 02:00:53,395 [INFO] PluginManager:220 - loadIPPluginJar : add opamp
2024-02-24 02:00:53,397 [INFO] IPUIPlugin:80 - create IPUIPlugin
2024-02-24 02:00:53,397 [INFO] PluginManager:220 - loadIPPluginJar : add i3c
2024-02-24 02:00:53,398 [INFO] IPUIPlugin:80 - create IPUIPlugin
2024-02-24 02:00:53,398 [INFO] PluginManager:220 - loadIPPluginJar : add touchsensing
2024-02-24 02:00:53,399 [INFO] IPUIPlugin:80 - create IPUIPlugin
2024-02-24 02:00:53,400 [INFO] PluginManager:220 - loadIPPluginJar : add i2c
2024-02-24 02:00:53,401 [INFO] IPUIPlugin:80 - create IPUIPlugin
2024-02-24 02:00:53,401 [INFO] PluginManager:220 - loadIPPluginJar : add resmgrutility
2024-02-24 02:00:53,402 [INFO] IPUIPlugin:80 - create IPUIPlugin
2024-02-24 02:00:53,402 [INFO] PluginManager:220 - loadIPPluginJar : add sai
2024-02-24 02:00:53,403 [INFO] IPUIPlugin:80 - create IPUIPlugin
2024-02-24 02:00:53,403 [INFO] PluginManager:220 - loadIPPluginJar : add usbx
2024-02-24 02:00:53,524 [INFO] CADModel:165 - CPN selected for project level
2024-02-24 02:00:53,525 [INFO] CADModel:114 - Register for checkConnection events
2024-02-24 02:00:53,527 [FATAL] Updater:308 - Updater called before beeing initialized
2024-02-24 02:00:53,527 [ERROR] CADModel:125 - Updater not yet initialized, retry later 
2024-02-24 02:00:53,716 [INFO] CADModel:165 - CPN selected for project level
2024-02-24 02:00:53,716 [INFO] CADModel:114 - Register for checkConnection events
2024-02-24 02:00:53,716 [FATAL] Updater:308 - Updater called before beeing initialized
2024-02-24 02:00:53,716 [ERROR] CADModel:125 - Updater not yet initialized, retry later 
2024-02-24 02:00:53,718 [FATAL] Updater:308 - Updater called before beeing initialized
2024-02-24 02:00:53,847 [FATAL] Updater:308 - Updater called before beeing initialized
2024-02-24 02:00:53,851 [INFO] DbMcusAds:53 - JSON generation date=Wed Nov 29 02:52:27 PST 2023 (1701255147200)
2024-02-24 02:00:53,851 [FATAL] Updater:308 - Updater called before beeing initialized
2024-02-24 02:00:53,960 [WARN] DetailPanel:346 - Failed to get advertising image, set to default
2024-02-24 02:00:54,068 [FATAL] Updater:308 - Updater called before beeing initialized
2024-02-24 02:00:54,072 [FATAL] Updater:308 - Updater called before beeing initialized
2024-02-24 02:00:54,072 [FATAL] Updater:308 - Updater called before beeing initialized
2024-02-24 02:00:54,072 [WARN] DetailPanel:346 - Failed to get advertising image, set to default
2024-02-24 02:00:54,073 [FATAL] Updater:308 - Updater called before beeing initialized
2024-02-24 02:00:54,160 [ERROR] Updater:1120 - MainUpdater not yet initialized. External WinMGr cannot be set.
2024-02-24 02:00:54,202 [INFO] Updater:1056 - Updater Version found : 6.10.0
2024-02-24 02:00:54,213 [INFO] ApplicationProperties:184 - Using Application install path: /Applications/STMicroelectronics/STM32CubeIDE.app/Contents/Eclipse/plugins/com.st.stm32cube.common.mx_6.10.0.202311202037
2024-02-24 02:00:54,602 [INFO] MainUpdater:2873 - connection check result : 10
2024-02-24 02:00:54,602 [INFO] MainUpdater:290 - Updater Check For Update Now.
2024-02-24 02:00:54,603 [INFO] MicroXplorer:498 - Change Database Version : DB.6.0.100
2024-02-24 02:00:54,609 [INFO] McuFinderGlobals:63 - Set McuFinder mode to 2 (CubeIDE integrated)
2024-02-24 02:00:54,851 [INFO] CheckServerUpdateThread:120 - End of CheckServer Thread
2024-02-24 02:00:55,113 [INFO] UserAuth:404 - Internet connection configuration mode: 1
2024-02-24 02:00:55,123 [INFO] JxBrowserEngine:152 - Initiate JxBrowser Engine with user profile folder
